<?xml version="1.0" encoding="UTF-8"?>
<testsuite name="JUnit Jupiter" tests="86" skipped="0" failures="0" errors="0" time="0.198" hostname="PC" timestamp="2025-11-14T11:52:50">
<properties>
[...]
</properties>
<testcase name="testHashCode()" classname="komputery.LaptopTest" time="0">
<system-out><![CDATA[
unique-id: [engine:junit-jupiter]/[class:komputery.LaptopTest]/[method:testHashCode()]
display-name: testHashCode()
]]></system-out>
</testcase>
<testcase name="testNotEquals()" classname="rekord.SmartfonTest" time="0.001">
<system-out><![CDATA[
unique-id: [engine:junit-jupiter]/[class:rekord.SmartfonTest]/[method:testNotEquals()]
display-name: testNotEquals()
]]></system-out>
</testcase>
<testcase name="testEqualsDifferentYear()" classname="komputery.SmartfonTest" time="0">
<system-out><![CDATA[
unique-id: [engine:junit-jupiter]/[class:komputery.SmartfonTest]/[method:testEqualsDifferentYear()]
display-name: testEqualsDifferentYear()
]]></system-out>
</testcase>
<testcase name="setIlośćPamięci()" classname="komputery.SmartfonTest" time="0.001">
<system-out><![CDATA[
unique-id: [engine:junit-jupiter]/[class:komputery.SmartfonTest]/[method:setIlośćPamięci()]
display-name: setIlośćPamięci()
]]></system-out>
</testcase>
<testcase name="testKomputer()" classname="rekord.KomputerTest" time="0">
<system-out><![CDATA[
unique-id: [engine:junit-jupiter]/[class:rekord.KomputerTest]/[method:testKomputer()]
display-name: testKomputer()
]]></system-out>
</testcase>
<testcase name="setRokProdukcji()" classname="komputery.LaptopTest" time="0.001">
<system-out><![CDATA[
unique-id: [engine:junit-jupiter]/[class:komputery.LaptopTest]/[method:setRokProdukcji()]
display-name: setRokProdukcji()
]]></system-out>
</testcase>
<testcase name="setProducent()" classname="komputery.KomputerTest" time="0">
<system-out><![CDATA[
unique-id: [engine:junit-jupiter]/[class:komputery.KomputerTest]/[method:setProducent()]
display-name: setProducent()
]]></system-out>
</testcase>
<testcase name="testEqualsAndHashCode()" classname="rekord.LaptopTest" time="0.006">
<system-out><![CDATA[
unique-id: [engine:junit-jupiter]/[class:rekord.LaptopTest]/[method:testEqualsAndHashCode()]
display-name: testEqualsAndHashCode()
]]></system-out>
</testcase>
<testcase name="testToString()" classname="sealed.SmartfonTest" time="0.001">
<system-out><![CDATA[
unique-id: [engine:junit-jupiter]/[class:sealed.SmartfonTest]/[method:testToString()]
display-name: testToString()
]]></system-out>
</testcase>
<testcase name="producent()" classname="rekord.KomputerTest" time="0.001">
<system-out><![CDATA[
unique-id: [engine:junit-jupiter]/[class:rekord.KomputerTest]/[method:producent()]
display-name: producent()
]]></system-out>
</testcase>
<testcase name="getSystemOperacyjny()" classname="komputery.SmartfonTest" time="0">
<system-out><![CDATA[
unique-id: [engine:junit-jupiter]/[class:komputery.SmartfonTest]/[method:getSystemOperacyjny()]
display-name: getSystemOperacyjny()
]]></system-out>
</testcase>
<testcase name="wyłącz()" classname="komputery.LaptopTest" time="0.001">
<system-out><![CDATA[
unique-id: [engine:junit-jupiter]/[class:komputery.LaptopTest]/[method:wyłącz()]
display-name: wyłącz()
]]></system-out>
</testcase>
<testcase name="testGetters()" classname="sealed.LaptopTest" time="0.001">
<system-out><![CDATA[
unique-id: [engine:junit-jupiter]/[class:sealed.LaptopTest]/[method:testGetters()]
display-name: testGetters()
]]></system-out>
</testcase>
<testcase name="testEqualsAndHashCode()" classname="rekord.SmartfonTest" time="0.001">
<system-out><![CDATA[
unique-id: [engine:junit-jupiter]/[class:rekord.SmartfonTest]/[method:testEqualsAndHashCode()]
display-name: testEqualsAndHashCode()
]]></system-out>
</testcase>
<testcase name="testEqualsDifferentOS()" classname="komputery.SmartfonTest" time="0">
<system-out><![CDATA[
unique-id: [engine:junit-jupiter]/[class:komputery.SmartfonTest]/[method:testEqualsDifferentOS()]
display-name: testEqualsDifferentOS()
]]></system-out>
</testcase>
<testcase name="getRokProdukcji()" classname="sealed.SmartfonTest" time="0">
<system-out><![CDATA[
unique-id: [engine:junit-jupiter]/[class:sealed.SmartfonTest]/[method:getRokProdukcji()]
display-name: getRokProdukcji()
]]></system-out>
</testcase>
<testcase name="testCopyEquality()" classname="komputery.KomputerTest" time="0.001">
<system-out><![CDATA[
unique-id: [engine:junit-jupiter]/[class:komputery.KomputerTest]/[method:testCopyEquality()]
display-name: testCopyEquality()
]]></system-out>
</testcase>
<testcase name="testEquals_sameInstance()" classname="komputery.KomputerTest" time="0">
<system-out><![CDATA[
unique-id: [engine:junit-jupiter]/[class:komputery.KomputerTest]/[method:testEquals_sameInstance()]
display-name: testEquals_sameInstance()
]]></system-out>
</testcase>
<testcase name="getProducent()" classname="sealed.SmartfonTest" time="0.001">
<system-out><![CDATA[
unique-id: [engine:junit-jupiter]/[class:sealed.SmartfonTest]/[method:getProducent()]
display-name: getProducent()
]]></system-out>
</testcase>
<testcase name="testEqualsAndHashCode()" classname="sealed.LaptopTest" time="0">
<system-out><![CDATA[
unique-id: [engine:junit-jupiter]/[class:sealed.LaptopTest]/[method:testEqualsAndHashCode()]
display-name: testEqualsAndHashCode()
]]></system-out>
</testcase>
<testcase name="włacz()" classname="sealed.SmartfonTest" time="0.001">
<system-out><![CDATA[
unique-id: [engine:junit-jupiter]/[class:sealed.SmartfonTest]/[method:włacz()]
display-name: włacz()
]]></system-out>
</testcase>
<testcase name="copy()" classname="komputery.KomputerTest" time="0.001">
<system-out><![CDATA[
unique-id: [engine:junit-jupiter]/[class:komputery.KomputerTest]/[method:copy()]
display-name: copy()
]]></system-out>
</testcase>
<testcase name="wyłacz()" classname="komputery.KomputerTest" time="0.001">
<system-out><![CDATA[
unique-id: [engine:junit-jupiter]/[class:komputery.KomputerTest]/[method:wyłacz()]
display-name: wyłacz()
]]></system-out>
</testcase>
<testcase name="isWlaczony()" classname="komputery.KomputerTest" time="0.002">
<system-out><![CDATA[
unique-id: [engine:junit-jupiter]/[class:komputery.KomputerTest]/[method:isWlaczony()]
display-name: isWlaczony()
]]></system-out>
</testcase>
<testcase name="testEquals()" classname="komputery.KomputerTest" time="0">
<system-out><![CDATA[
unique-id: [engine:junit-jupiter]/[class:komputery.KomputerTest]/[method:testEquals()]
display-name: testEquals()
]]></system-out>
</testcase>
<testcase name="getIlośćPamięci()" classname="komputery.SmartfonTest" time="0">
<system-out><![CDATA[
unique-id: [engine:junit-jupiter]/[class:komputery.SmartfonTest]/[method:getIlośćPamięci()]
display-name: getIlośćPamięci()
]]></system-out>
</testcase>
<testcase name="wlacz()" classname="rekord.KomputerTest" time="0">
<system-out><![CDATA[
unique-id: [engine:junit-jupiter]/[class:rekord.KomputerTest]/[method:wlacz()]
display-name: wlacz()
]]></system-out>
</testcase>
<testcase name="testWlacz()" classname="sealed.KomputerTest" time="0.001">
<system-out><![CDATA[
unique-id: [engine:junit-jupiter]/[class:sealed.KomputerTest]/[method:testWlacz()]
display-name: testWlacz()
]]></system-out>
</testcase>
<testcase name="testEqualsDifferentMemory()" classname="komputery.SmartfonTest" time="0.001">
<system-out><![CDATA[
unique-id: [engine:junit-jupiter]/[class:komputery.SmartfonTest]/[method:testEqualsDifferentMemory()]
display-name: testEqualsDifferentMemory()
]]></system-out>
</testcase>
<testcase name="testEqualsDifferentObject()" classname="komputery.LaptopTest" time="0.001">
<system-out><![CDATA[
unique-id: [engine:junit-jupiter]/[class:komputery.LaptopTest]/[method:testEqualsDifferentObject()]
display-name: testEqualsDifferentObject()
]]></system-out>
</testcase>
<testcase name="testNotEquals()" classname="rekord.LaptopTest" time="0">
<system-out><![CDATA[
unique-id: [engine:junit-jupiter]/[class:rekord.LaptopTest]/[method:testNotEquals()]
display-name: testNotEquals()
]]></system-out>
</testcase>
<testcase name="włacz()" classname="komputery.KomputerTest" time="0.001">
<system-out><![CDATA[
unique-id: [engine:junit-jupiter]/[class:komputery.KomputerTest]/[method:włacz()]
display-name: włacz()
]]></system-out>
</testcase>
<testcase name="setProducent()" classname="komputery.LaptopTest" time="0">
<system-out><![CDATA[
unique-id: [engine:junit-jupiter]/[class:komputery.LaptopTest]/[method:setProducent()]
display-name: setProducent()
]]></system-out>
</testcase>
<testcase name="rokProdukcji()" classname="rekord.KomputerTest" time="0.001">
<system-out><![CDATA[
unique-id: [engine:junit-jupiter]/[class:rekord.KomputerTest]/[method:rokProdukcji()]
display-name: rokProdukcji()
]]></system-out>
</testcase>
<testcase name="testEqualsDifferentProducer()" classname="komputery.LaptopTest" time="0">
<system-out><![CDATA[
unique-id: [engine:junit-jupiter]/[class:komputery.LaptopTest]/[method:testEqualsDifferentProducer()]
display-name: testEqualsDifferentProducer()
]]></system-out>
</testcase>
<testcase name="getSystemOperacyjny()" classname="sealed.SmartfonTest" time="0.001">
<system-out><![CDATA[
unique-id: [engine:junit-jupiter]/[class:sealed.SmartfonTest]/[method:getSystemOperacyjny()]
display-name: getSystemOperacyjny()
]]></system-out>
</testcase>
<testcase name="testToString()" classname="rekord.SmartfonTest" time="0.004">
<system-out><![CDATA[
unique-id: [engine:junit-jupiter]/[class:rekord.SmartfonTest]/[method:testToString()]
display-name: testToString()
]]></system-out>
</testcase>
<testcase name="getRokProdukcji()" classname="komputery.KomputerTest" time="0.001">
<system-out><![CDATA[
unique-id: [engine:junit-jupiter]/[class:komputery.KomputerTest]/[method:getRokProdukcji()]
display-name: getRokProdukcji()
]]></system-out>
</testcase>
<testcase name="testEquals()" classname="komputery.LaptopTest" time="0">
<system-out><![CDATA[
unique-id: [engine:junit-jupiter]/[class:komputery.LaptopTest]/[method:testEquals()]
display-name: testEquals()
]]></system-out>
</testcase>
<testcase name="setRokProdukcji()" classname="komputery.KomputerTest" time="0">
<system-out><![CDATA[
unique-id: [engine:junit-jupiter]/[class:komputery.KomputerTest]/[method:setRokProdukcji()]
display-name: setRokProdukcji()
]]></system-out>
</testcase>
<testcase name="testToString()" classname="rekord.LaptopTest" time="0.008">
<system-out><![CDATA[
unique-id: [engine:junit-jupiter]/[class:rekord.LaptopTest]/[method:testToString()]
display-name: testToString()
]]></system-out>
</testcase>
<testcase name="testToString()" classname="komputery.SmartfonTest" time="0">
<system-out><![CDATA[
unique-id: [engine:junit-jupiter]/[class:komputery.SmartfonTest]/[method:testToString()]
display-name: testToString()
]]></system-out>
</testcase>
<testcase name="testEquals_differentProducent()" classname="komputery.KomputerTest" time="0.016">
<system-out><![CDATA[
unique-id: [engine:junit-jupiter]/[class:komputery.KomputerTest]/[method:testEquals_differentProducent()]
display-name: testEquals_differentProducent()
]]></system-out>
</testcase>
<testcase name="testToString()" classname="komputery.KomputerTest" time="0.003">
<system-out><![CDATA[
unique-id: [engine:junit-jupiter]/[class:komputery.KomputerTest]/[method:testToString()]
display-name: testToString()
]]></system-out>
</testcase>
<testcase name="setProducent()" classname="sealed.KomputerTest" time="0.001">
<system-out><![CDATA[
unique-id: [engine:junit-jupiter]/[class:sealed.KomputerTest]/[method:setProducent()]
display-name: setProducent()
]]></system-out>
</testcase>
<testcase name="testEqualsDifferentClass()" classname="komputery.LaptopTest" time="0">
<system-out><![CDATA[
unique-id: [engine:junit-jupiter]/[class:komputery.LaptopTest]/[method:testEqualsDifferentClass()]
display-name: testEqualsDifferentClass()
]]></system-out>
</testcase>
<testcase name="getProducent()" classname="komputery.LaptopTest" time="0">
<system-out><![CDATA[
unique-id: [engine:junit-jupiter]/[class:komputery.LaptopTest]/[method:getProducent()]
display-name: getProducent()
]]></system-out>
</testcase>
<testcase name="testEqualsDifferentObject()" classname="komputery.SmartfonTest" time="0">
<system-out><![CDATA[
unique-id: [engine:junit-jupiter]/[class:komputery.SmartfonTest]/[method:testEqualsDifferentObject()]
display-name: testEqualsDifferentObject()
]]></system-out>
</testcase>
<testcase name="myFirstTest()" classname="rekord.KomputerTest" time="0">
<system-out><![CDATA[
unique-id: [engine:junit-jupiter]/[class:rekord.KomputerTest]/[method:myFirstTest()]
display-name: myFirstTest()
]]></system-out>
</testcase>
<testcase name="setIloscPortowUSB()" classname="komputery.LaptopTest" time="0">
<system-out><![CDATA[
unique-id: [engine:junit-jupiter]/[class:komputery.LaptopTest]/[method:setIloscPortowUSB()]
display-name: setIloscPortowUSB()
]]></system-out>
</testcase>
<testcase name="testEquals_differentClass()" classname="komputery.KomputerTest" time="0">
<system-out><![CDATA[
unique-id: [engine:junit-jupiter]/[class:komputery.KomputerTest]/[method:testEquals_differentClass()]
display-name: testEquals_differentClass()
]]></system-out>
</testcase>
<testcase name="testEqualsAndHashCode()" classname="sealed.SmartfonTest" time="0.001">
<system-out><![CDATA[
unique-id: [engine:junit-jupiter]/[class:sealed.SmartfonTest]/[method:testEqualsAndHashCode()]
display-name: testEqualsAndHashCode()
]]></system-out>
</testcase>
<testcase name="getModel()" classname="komputery.LaptopTest" time="0">
<system-out><![CDATA[
unique-id: [engine:junit-jupiter]/[class:komputery.LaptopTest]/[method:getModel()]
display-name: getModel()
]]></system-out>
</testcase>
<testcase name="setWaga()" classname="komputery.LaptopTest" time="0">
<system-out><![CDATA[
unique-id: [engine:junit-jupiter]/[class:komputery.LaptopTest]/[method:setWaga()]
display-name: setWaga()
]]></system-out>
</testcase>
<testcase name="włacz()" classname="sealed.LaptopTest" time="0.001">
<system-out><![CDATA[
unique-id: [engine:junit-jupiter]/[class:sealed.LaptopTest]/[method:włacz()]
display-name: włacz()
]]></system-out>
</testcase>
<testcase name="testEquals()" classname="komputery.SmartfonTest" time="0">
<system-out><![CDATA[
unique-id: [engine:junit-jupiter]/[class:komputery.SmartfonTest]/[method:testEquals()]
display-name: testEquals()
]]></system-out>
</testcase>
<testcase name="setModel()" classname="komputery.LaptopTest" time="0">
<system-out><![CDATA[
unique-id: [engine:junit-jupiter]/[class:komputery.LaptopTest]/[method:setModel()]
display-name: setModel()
]]></system-out>
</testcase>
<testcase name="setProducent()" classname="komputery.SmartfonTest" time="0">
<system-out><![CDATA[
unique-id: [engine:junit-jupiter]/[class:komputery.SmartfonTest]/[method:setProducent()]
display-name: setProducent()
]]></system-out>
</testcase>
<testcase name="getIlośćPamięci()" classname="sealed.SmartfonTest" time="0.001">
<system-out><![CDATA[
unique-id: [engine:junit-jupiter]/[class:sealed.SmartfonTest]/[method:getIlośćPamięci()]
display-name: getIlośćPamięci()
]]></system-out>
</testcase>
<testcase name="testToString()" classname="sealed.KomputerTest" time="0">
<system-out><![CDATA[
unique-id: [engine:junit-jupiter]/[class:sealed.KomputerTest]/[method:testToString()]
display-name: testToString()
]]></system-out>
</testcase>
<testcase name="getProducent()" classname="sealed.KomputerTest" time="0">
<system-out><![CDATA[
unique-id: [engine:junit-jupiter]/[class:sealed.KomputerTest]/[method:getProducent()]
display-name: getProducent()
]]></system-out>
</testcase>
<testcase name="testToString()" classname="sealed.LaptopTest" time="0.001">
<system-out><![CDATA[
unique-id: [engine:junit-jupiter]/[class:sealed.LaptopTest]/[method:testToString()]
display-name: testToString()
]]></system-out>
</testcase>
<testcase name="testToString()" classname="komputery.LaptopTest" time="0.003">
<system-out><![CDATA[
unique-id: [engine:junit-jupiter]/[class:komputery.LaptopTest]/[method:testToString()]
display-name: testToString()
]]></system-out>
</testcase>
<testcase name="testEqualsNull()" classname="komputery.SmartfonTest" time="0">
<system-out><![CDATA[
unique-id: [engine:junit-jupiter]/[class:komputery.SmartfonTest]/[method:testEqualsNull()]
display-name: testEqualsNull()
]]></system-out>
</testcase>
<testcase name="getCzasPracyNaBaterii()" classname="komputery.LaptopTest" time="0.001">
<system-out><![CDATA[
unique-id: [engine:junit-jupiter]/[class:komputery.LaptopTest]/[method:getCzasPracyNaBaterii()]
display-name: getCzasPracyNaBaterii()
]]></system-out>
</testcase>
<testcase name="testEqualsDifferentProducer()" classname="komputery.SmartfonTest" time="0">
<system-out><![CDATA[
unique-id: [engine:junit-jupiter]/[class:komputery.SmartfonTest]/[method:testEqualsDifferentProducer()]
display-name: testEqualsDifferentProducer()
]]></system-out>
</testcase>
<testcase name="getModel()" classname="sealed.SmartfonTest" time="0.001">
<system-out><![CDATA[
unique-id: [engine:junit-jupiter]/[class:sealed.SmartfonTest]/[method:getModel()]
display-name: getModel()
]]></system-out>
</testcase>
<testcase name="testHashCode()" classname="komputery.SmartfonTest" time="0">
<system-out><![CDATA[
unique-id: [engine:junit-jupiter]/[class:komputery.SmartfonTest]/[method:testHashCode()]
display-name: testHashCode()
]]></system-out>
</testcase>
<testcase name="getWaga()" classname="komputery.LaptopTest" time="0">
<system-out><![CDATA[
unique-id: [engine:junit-jupiter]/[class:komputery.LaptopTest]/[method:getWaga()]
display-name: getWaga()
]]></system-out>
</testcase>
<testcase name="testAccessors()" classname="rekord.SmartfonTest" time="0">
<system-out><![CDATA[
unique-id: [engine:junit-jupiter]/[class:rekord.SmartfonTest]/[method:testAccessors()]
display-name: testAccessors()
]]></system-out>
</testcase>
<testcase name="getProducent()" classname="komputery.SmartfonTest" time="0">
<system-out><![CDATA[
unique-id: [engine:junit-jupiter]/[class:komputery.SmartfonTest]/[method:getProducent()]
display-name: getProducent()
]]></system-out>
</testcase>
<testcase name="getRokProdukcji()" classname="komputery.LaptopTest" time="0">
<system-out><![CDATA[
unique-id: [engine:junit-jupiter]/[class:komputery.LaptopTest]/[method:getRokProdukcji()]
display-name: getRokProdukcji()
]]></system-out>
</testcase>
<testcase name="setSystemOperacyjny()" classname="komputery.SmartfonTest" time="0">
<system-out><![CDATA[
unique-id: [engine:junit-jupiter]/[class:komputery.SmartfonTest]/[method:setSystemOperacyjny()]
display-name: setSystemOperacyjny()
]]></system-out>
</testcase>
<testcase name="getModel()" classname="komputery.KomputerTest" time="0.001">
<system-out><![CDATA[
unique-id: [engine:junit-jupiter]/[class:komputery.KomputerTest]/[method:getModel()]
display-name: getModel()
]]></system-out>
</testcase>
<testcase name="testCopyHashCode()" classname="komputery.KomputerTest" time="0.001">
<system-out><![CDATA[
unique-id: [engine:junit-jupiter]/[class:komputery.KomputerTest]/[method:testCopyHashCode()]
display-name: testCopyHashCode()
]]></system-out>
</testcase>
<testcase name="setModel()" classname="komputery.KomputerTest" time="0.001">
<system-out><![CDATA[
unique-id: [engine:junit-jupiter]/[class:komputery.KomputerTest]/[method:setModel()]
display-name: setModel()
]]></system-out>
</testcase>
<testcase name="testEqualsDifferentModel()" classname="komputery.SmartfonTest" time="0.001">
<system-out><![CDATA[
unique-id: [engine:junit-jupiter]/[class:komputery.SmartfonTest]/[method:testEqualsDifferentModel()]
display-name: testEqualsDifferentModel()
]]></system-out>
</testcase>
<testcase name="testHashCode()" classname="komputery.KomputerTest" time="0.001">
<system-out><![CDATA[
unique-id: [engine:junit-jupiter]/[class:komputery.KomputerTest]/[method:testHashCode()]
display-name: testHashCode()
]]></system-out>
</testcase>
<testcase name="testKomputer()" classname="sealed.KomputerTest" time="0.001">
<system-out><![CDATA[
unique-id: [engine:junit-jupiter]/[class:sealed.KomputerTest]/[method:testKomputer()]
display-name: testKomputer()
]]></system-out>
</testcase>
<testcase name="testEqualsNull()" classname="komputery.LaptopTest" time="0">
<system-out><![CDATA[
unique-id: [engine:junit-jupiter]/[class:komputery.LaptopTest]/[method:testEqualsNull()]
display-name: testEqualsNull()
]]></system-out>
</testcase>
<testcase name="testEqualsSameObject()" classname="komputery.LaptopTest" time="0">
<system-out><![CDATA[
unique-id: [engine:junit-jupiter]/[class:komputery.LaptopTest]/[method:testEqualsSameObject()]
display-name: testEqualsSameObject()
]]></system-out>
</testcase>
<testcase name="testAccessors()" classname="rekord.LaptopTest" time="0">
<system-out><![CDATA[
unique-id: [engine:junit-jupiter]/[class:rekord.LaptopTest]/[method:testAccessors()]
display-name: testAccessors()
]]></system-out>
</testcase>
<testcase name="getProducent()" classname="komputery.KomputerTest" time="0.001">
<system-out><![CDATA[
unique-id: [engine:junit-jupiter]/[class:komputery.KomputerTest]/[method:getProducent()]
display-name: getProducent()
]]></system-out>
</testcase>
<testcase name="setCzasPracyNaBaterii()" classname="komputery.LaptopTest" time="0.001">
<system-out><![CDATA[
unique-id: [engine:junit-jupiter]/[class:komputery.LaptopTest]/[method:setCzasPracyNaBaterii()]
display-name: setCzasPracyNaBaterii()
]]></system-out>
</testcase>
<testcase name="getIloscPortowUSB()" classname="komputery.LaptopTest" time="0">
<system-out><![CDATA[
unique-id: [engine:junit-jupiter]/[class:komputery.LaptopTest]/[method:getIloscPortowUSB()]
display-name: getIloscPortowUSB()
]]></system-out>
</testcase>
<testcase name="model()" classname="rekord.KomputerTest" time="0">
<system-out><![CDATA[
unique-id: [engine:junit-jupiter]/[class:rekord.KomputerTest]/[method:model()]
display-name: model()
]]></system-out>
</testcase>
<system-out><![CDATA[
unique-id: [engine:junit-jupiter]
display-name: JUnit Jupiter
]]></system-out>
</testsuite>
